<?xml version="1.0" encoding="UTF-8"?>
<!-- Generated by org.testng.reporters.JUnitReportReporter -->
<testsuite hostname="Prasad-V" failures="0" tests="1" name="com.drillbit.testCases.TC_similaritypdfreport_006" time="18.610" errors="0" timestamp="2023-07-22T11:41:15 IST" skipped="0">
  <testcase classname="com.drillbit.testCases.TC_similaritypdfreport_006" name="similaritypdfreport" time="18.610"/>
</testsuite> <!-- com.drillbit.testCases.TC_similaritypdfreport_006 -->
