<?xml version="1.0" encoding="UTF-8"?>
<!-- Generated by org.testng.reporters.JUnitReportReporter -->
<testsuite hostname="Prasad-V" failures="0" tests="1" name="com.drillbit.testCases.TC_similaritypdfreport_006" time="20.311" errors="0" timestamp="2023-07-20T22:14:59 IST" skipped="0">
  <testcase classname="com.drillbit.testCases.TC_similaritypdfreport_006" name="similaritypdfreport" time="20.311"/>
</testsuite> <!-- com.drillbit.testCases.TC_similaritypdfreport_006 -->
