<?xml version="1.0" encoding="UTF-8"?>
<!-- Generated by org.testng.reporters.JUnitReportReporter -->
<testsuite hostname="Prasad-V" failures="0" tests="1" name="com.drillbit.testCases.TC_multipleFileUpload_005" time="53.592" errors="0" timestamp="2023-07-20T22:14:59 IST" skipped="0">
  <testcase classname="com.drillbit.testCases.TC_multipleFileUpload_005" name="multipleFileUpload" time="53.592"/>
</testsuite> <!-- com.drillbit.testCases.TC_multipleFileUpload_005 -->
