<?xml version="1.0" encoding="UTF-8"?>
<!-- Generated by org.testng.reporters.JUnitReportReporter -->
<testsuite hostname="Prasad-V" failures="0" tests="1" name="com.drillbit.testCases.TC_ETE_007" time="364.999" errors="0" timestamp="2023-07-24T17:10:25 IST" skipped="0">
  <testcase classname="com.drillbit.testCases.TC_ETE_007" name="ETE" time="364.999"/>
</testsuite> <!-- com.drillbit.testCases.TC_ETE_007 -->
