<?xml version="1.0" encoding="UTF-8"?>
<!-- Generated by org.testng.reporters.JUnitReportReporter -->
<testsuite hostname="Prasad-V" failures="0" tests="1" name="com.drillbit.testCases.TC_SingleFileUpload_004" time="85.635" errors="0" timestamp="2023-07-21T16:36:16 IST" skipped="0">
  <testcase classname="com.drillbit.testCases.TC_SingleFileUpload_004" name="SingleFileUpload" time="85.635"/>
</testsuite> <!-- com.drillbit.testCases.TC_SingleFileUpload_004 -->
