<?xml version="1.0" encoding="UTF-8"?>
<!-- Generated by org.testng.reporters.JUnitReportReporter -->
<testsuite hostname="Prasad-V" failures="0" tests="1" name="com.drillbit.testCases.TC_CreateFolder_003" time="313.256" errors="0" timestamp="2023-07-22T14:40:00 IST" skipped="0">
  <testcase classname="com.drillbit.testCases.TC_CreateFolder_003" name="CreateFolder" time="313.256"/>
</testsuite> <!-- com.drillbit.testCases.TC_CreateFolder_003 -->
