<?xml version="1.0" encoding="UTF-8"?>
<!-- Generated by org.testng.reporters.JUnitReportReporter -->
<testsuite hostname="Prasad-V" failures="0" tests="1" name="com.drillbit.testCases.TC_SingleFileUpload_004" time="46.855" errors="0" timestamp="2023-07-20T22:14:59 IST" skipped="0">
  <testcase classname="com.drillbit.testCases.TC_SingleFileUpload_004" name="SingleFileUpload" time="46.855"/>
</testsuite> <!-- com.drillbit.testCases.TC_SingleFileUpload_004 -->
