<?xml version="1.0" encoding="UTF-8"?>
<!-- Generated by org.testng.reporters.JUnitReportReporter -->
<testsuite hostname="Prasad-V" failures="0" tests="1" name="com.drillbit.testCases.TC_ChangePwd_002" time="11.765" errors="0" timestamp="2023-08-01T16:14:07 IST" skipped="0">
  <testcase classname="com.drillbit.testCases.TC_ChangePwd_002" name="changepwd" time="11.765"/>
</testsuite> <!-- com.drillbit.testCases.TC_ChangePwd_002 -->
